Base path: /Applications/Unity5.1.3/Unity.app/Contents
Pipe name: \\.\pipe\UnityShaderCompiler-64bit-1-2008642304
Cmd: getPlatforms
Cmd: preprocess
  insize=425 outsize=245 ok=1
Cmd: preprocess
  insize=425 outsize=245 ok=1
Cmd: preprocess
  insize=425 outsize=245 ok=1
Cmd: preprocess
  insize=425 outsize=245 ok=1
Cmd: preprocess
  insize=1160 outsize=344 ok=1
Cmd: compileSnippet
  api=0 type=0 insize=1118 outsize=687 kw= ok=1
Cmd: compileSnippet
  api=0 type=1 insize=1118 outsize=6 kw= ok=1
Cmd: compileSnippet
  api=0 type=0 insize=751 outsize=1893 kw=SHADOWS_DEPTH ok=1
Cmd: compileSnippet
  api=0 type=1 insize=751 outsize=6 kw=SHADOWS_DEPTH ok=1
Cmd: compileSnippet
  api=0 type=0 insize=982 outsize=9902 kw=DIRECTIONAL SHADOWS_OFF LIGHTMAP_OFF DIRLIGHTMAP_OFF DYNAMICLIGHTMAP_OFF ok=1
Cmd: compileSnippet
  api=0 type=1 insize=982 outsize=6 kw=DIRECTIONAL SHADOWS_OFF LIGHTMAP_OFF DIRLIGHTMAP_OFF DYNAMICLIGHTMAP_OFF ok=1
Cmd: compileSnippet
  api=0 type=0 insize=938 outsize=5705 kw=DIRECTIONAL SHADOWS_OFF ok=1
Cmd: compileSnippet
  api=0 type=1 insize=938 outsize=6 kw=DIRECTIONAL SHADOWS_OFF ok=1
Cmd: preprocess
  insize=1729 outsize=405 ok=1
Cmd: compileSnippet
  api=0 type=0 insize=1560 outsize=1147 kw= ok=1
Cmd: compileSnippet
  api=0 type=1 insize=1560 outsize=6 kw= ok=1
Cmd: compileSnippet
  api=0 type=0 insize=1562 outsize=1877 kw= ok=1
Cmd: compileSnippet
  api=0 type=1 insize=1562 outsize=6 kw= ok=1
Cmd: preprocess
  insize=1731 outsize=406 ok=1
Cmd: compileSnippet
  api=0 type=0 insize=1562 outsize=1088 kw= ok=1
Cmd: compileSnippet
  api=0 type=1 insize=1562 outsize=6 kw= ok=1
Cmd: compileSnippet
  api=0 type=0 insize=1564 outsize=1805 kw= ok=1
Cmd: compileSnippet
  api=0 type=1 insize=1564 outsize=6 kw= ok=1
Cmd: preprocess
  insize=1729 outsize=405 ok=1
Cmd: preprocess
  insize=1725 outsize=406 ok=1
Cmd: compileSnippet
  api=0 type=0 insize=1556 outsize=1134 kw= ok=1
Cmd: compileSnippet
  api=0 type=1 insize=1556 outsize=6 kw= ok=1
Cmd: compileSnippet
  api=0 type=0 insize=1558 outsize=1862 kw= ok=1
Cmd: compileSnippet
  api=0 type=1 insize=1558 outsize=6 kw= ok=1
Cmd: preprocess
  insize=1706 outsize=406 ok=1
Cmd: compileSnippet
  api=0 type=0 insize=1537 outsize=1134 kw= ok=1
Cmd: compileSnippet
  api=0 type=1 insize=1537 outsize=6 kw= ok=1
Cmd: compileSnippet
  api=0 type=0 insize=1539 outsize=1783 kw= ok=1
Cmd: compileSnippet
  api=0 type=1 insize=1539 outsize=6 kw= ok=1
Cmd: compileSnippet
  api=0 type=0 insize=982 outsize=10369 kw=DIRECTIONAL SHADOWS_SCREEN LIGHTMAP_OFF DIRLIGHTMAP_OFF DYNAMICLIGHTMAP_OFF ok=1
Cmd: compileSnippet
  api=0 type=1 insize=982 outsize=6 kw=DIRECTIONAL SHADOWS_SCREEN LIGHTMAP_OFF DIRLIGHTMAP_OFF DYNAMICLIGHTMAP_OFF ok=1
Cmd: compileSnippet
  api=0 type=0 insize=990 outsize=463 kw= ok=1
Cmd: compileSnippet
  api=0 type=1 insize=990 outsize=6 kw= ok=1
Cmd: preprocess
  insize=2370 outsize=407 ok=1
Cmd: compileSnippet
  error: 2 plat 0 at (53): '_FlowVelocityField' : undeclared identifier; 'tex2D' : cannot resolve function call unambiguously (check parameter types) 'xy' : vector field selection out of range\nCompiling Vertex program
  api=0 type=0 insize=2201 outsize=0 kw= ok=0
Cmd: preprocess
  insize=2373 outsize=407 ok=1
Cmd: compileSnippet
  api=0 type=0 insize=2204 outsize=1134 kw= ok=1
Cmd: compileSnippet
  api=0 type=1 insize=2204 outsize=6 kw= ok=1
Cmd: compileSnippet
  api=0 type=0 insize=2206 outsize=1989 kw= ok=1
Cmd: compileSnippet
  api=0 type=1 insize=2206 outsize=6 kw= ok=1
Cmd: preprocess
  insize=2570 outsize=542 ok=1
Cmd: compileSnippet
  api=0 type=0 insize=2206 outsize=760 kw= ok=1
Cmd: compileSnippet
  api=0 type=1 insize=2206 outsize=6 kw= ok=1
Cmd: compileSnippet
  api=0 type=0 insize=2208 outsize=1989 kw= ok=1
Cmd: compileSnippet
  api=0 type=1 insize=2208 outsize=6 kw= ok=1
Cmd: preprocess
  insize=2556 outsize=541 ok=1
Cmd: compileSnippet
  api=0 type=0 insize=2190 outsize=1134 kw= ok=1
Cmd: compileSnippet
  api=0 type=1 insize=2190 outsize=6 kw= ok=1
Cmd: compileSnippet
  api=0 type=0 insize=2192 outsize=744 kw= ok=1
Cmd: compileSnippet
  api=0 type=1 insize=2192 outsize=6 kw= ok=1
Cmd: compileSnippet
  api=0 type=0 insize=2194 outsize=1989 kw= ok=1
Cmd: compileSnippet
  api=0 type=1 insize=2194 outsize=6 kw= ok=1
Cmd: preprocess
  insize=2559 outsize=541 ok=1
Cmd: compileSnippet
  api=0 type=0 insize=2193 outsize=1134 kw= ok=1
Cmd: compileSnippet
  api=0 type=1 insize=2193 outsize=6 kw= ok=1
Cmd: compileSnippet
  api=0 type=0 insize=2195 outsize=696 kw= ok=1
Cmd: compileSnippet
  api=0 type=1 insize=2195 outsize=6 kw= ok=1
Cmd: compileSnippet
  api=0 type=0 insize=2197 outsize=1989 kw= ok=1
Cmd: compileSnippet
  api=0 type=1 insize=2197 outsize=6 kw= ok=1
Cmd: preprocess
  insize=2565 outsize=542 ok=1
Cmd: compileSnippet
  api=0 type=0 insize=2199 outsize=1134 kw= ok=1
Cmd: compileSnippet
  api=0 type=1 insize=2199 outsize=6 kw= ok=1
Cmd: compileSnippet
  api=0 type=0 insize=2201 outsize=712 kw= ok=1
Cmd: compileSnippet
  api=0 type=1 insize=2201 outsize=6 kw= ok=1
Cmd: compileSnippet
  api=0 type=0 insize=2203 outsize=1989 kw= ok=1
Cmd: compileSnippet
  api=0 type=1 insize=2203 outsize=6 kw= ok=1
Cmd: preprocess
  insize=2571 outsize=542 ok=1
Cmd: compileSnippet
  api=0 type=0 insize=2205 outsize=1134 kw= ok=1
Cmd: compileSnippet
  api=0 type=1 insize=2205 outsize=6 kw= ok=1
Cmd: compileSnippet
  api=0 type=0 insize=2207 outsize=720 kw= ok=1
Cmd: compileSnippet
  api=0 type=1 insize=2207 outsize=6 kw= ok=1
Cmd: compileSnippet
  api=0 type=0 insize=2209 outsize=1989 kw= ok=1
Cmd: compileSnippet
  api=0 type=1 insize=2209 outsize=6 kw= ok=1
Cmd: preprocess
  insize=2565 outsize=542 ok=1
Cmd: preprocess
  insize=2571 outsize=541 ok=1
Cmd: compileSnippet
  api=0 type=0 insize=2205 outsize=1134 kw= ok=1
Cmd: compileSnippet
  api=0 type=1 insize=2205 outsize=6 kw= ok=1
Cmd: compileSnippet
  api=0 type=0 insize=2207 outsize=776 kw= ok=1
Cmd: compileSnippet
  api=0 type=1 insize=2207 outsize=6 kw= ok=1
Cmd: compileSnippet
  api=0 type=0 insize=2209 outsize=1989 kw= ok=1
Cmd: compileSnippet
  api=0 type=1 insize=2209 outsize=6 kw= ok=1
Cmd: preprocess
  insize=2573 outsize=540 ok=1
Cmd: compileSnippet
  api=0 type=0 insize=2207 outsize=1134 kw= ok=1
Cmd: compileSnippet
  api=0 type=1 insize=2207 outsize=6 kw= ok=1
Cmd: compileSnippet
  api=0 type=0 insize=2209 outsize=712 kw= ok=1
Cmd: compileSnippet
  api=0 type=1 insize=2209 outsize=6 kw= ok=1
Cmd: compileSnippet
  api=0 type=0 insize=2211 outsize=1997 kw= ok=1
Cmd: compileSnippet
  api=0 type=1 insize=2211 outsize=6 kw= ok=1
Cmd: preprocess
  insize=2571 outsize=542 ok=1
Cmd: preprocess
  insize=2577 outsize=541 ok=1
Cmd: compileSnippet
  api=0 type=0 insize=2211 outsize=1134 kw= ok=1
Cmd: compileSnippet
  api=0 type=1 insize=2211 outsize=6 kw= ok=1
Cmd: compileSnippet
  api=0 type=0 insize=2213 outsize=728 kw= ok=1
Cmd: compileSnippet
  api=0 type=1 insize=2213 outsize=6 kw= ok=1
Cmd: compileSnippet
  api=0 type=0 insize=2215 outsize=1989 kw= ok=1
Cmd: compileSnippet
  api=0 type=1 insize=2215 outsize=6 kw= ok=1
Cmd: preprocess
  insize=2571 outsize=541 ok=1
Cmd: compileSnippet
  api=0 type=0 insize=2205 outsize=1134 kw= ok=1
Cmd: compileSnippet
  api=0 type=1 insize=2205 outsize=6 kw= ok=1
Cmd: compileSnippet
  api=0 type=0 insize=2207 outsize=720 kw= ok=1
Cmd: compileSnippet
  api=0 type=1 insize=2207 outsize=6 kw= ok=1
Cmd: compileSnippet
  api=0 type=0 insize=2209 outsize=1989 kw= ok=1
Cmd: compileSnippet
  api=0 type=1 insize=2209 outsize=6 kw= ok=1
Cmd: preprocess
  insize=2578 outsize=542 ok=1
Cmd: compileSnippet
  api=0 type=0 insize=2212 outsize=1134 kw= ok=1
Cmd: compileSnippet
  api=0 type=1 insize=2212 outsize=6 kw= ok=1
Cmd: compileSnippet
  api=0 type=0 insize=2214 outsize=723 kw= ok=1
Cmd: compileSnippet
  api=0 type=1 insize=2214 outsize=6 kw= ok=1
Cmd: compileSnippet
  api=0 type=0 insize=2216 outsize=1989 kw= ok=1
Cmd: compileSnippet
  api=0 type=1 insize=2216 outsize=6 kw= ok=1
Cmd: preprocess
  insize=2575 outsize=541 ok=1
Cmd: compileSnippet
  api=0 type=0 insize=2209 outsize=1134 kw= ok=1
Cmd: compileSnippet
  api=0 type=1 insize=2209 outsize=6 kw= ok=1
Cmd: compileSnippet
  api=0 type=0 insize=2211 outsize=763 kw= ok=1
Cmd: compileSnippet
  api=0 type=1 insize=2211 outsize=6 kw= ok=1
Cmd: compileSnippet
  api=0 type=0 insize=2213 outsize=1989 kw= ok=1
Cmd: compileSnippet
  api=0 type=1 insize=2213 outsize=6 kw= ok=1
Cmd: preprocess
  insize=1160 outsize=344 ok=1
Cmd: compileSnippet
  api=0 type=0 insize=1118 outsize=663 kw= ok=1
Cmd: compileSnippet
  api=0 type=1 insize=1118 outsize=6 kw= ok=1
Cmd: preprocess
  insize=1136 outsize=343 ok=1
Cmd: compileSnippet
  api=0 type=0 insize=1094 outsize=663 kw= ok=1
Cmd: compileSnippet
  api=0 type=1 insize=1094 outsize=6 kw= ok=1
Cmd: preprocess
  insize=2500 outsize=540 ok=1
Cmd: compileSnippet
  error: 2 plat 0 at (64): 'w' : vector field selection out of range\nCompiling Vertex program
  error: 2 plat 0 at (66): 'w' : vector field selection out of range\nCompiling Vertex program
  api=0 type=0 insize=2134 outsize=0 kw= ok=0
Cmd: preprocess
  insize=2503 outsize=540 ok=1
Cmd: compileSnippet
  api=0 type=0 insize=2137 outsize=1134 kw= ok=1
Cmd: compileSnippet
  api=0 type=1 insize=2137 outsize=6 kw= ok=1
Cmd: compileSnippet
  api=0 type=0 insize=2139 outsize=763 kw= ok=1
Cmd: compileSnippet
  api=0 type=1 insize=2139 outsize=6 kw= ok=1
Cmd: compileSnippet
  api=0 type=0 insize=2141 outsize=6158 kw= ok=1
Cmd: compileSnippet
  api=0 type=1 insize=2141 outsize=6 kw= ok=1
Cmd: compileSnippet
  api=0 type=0 insize=3647 outsize=1489 kw=DIRECTIONAL ok=1
Cmd: compileSnippet
  api=0 type=1 insize=3647 outsize=6 kw=DIRECTIONAL ok=1
Cmd: compileSnippet
  api=0 type=0 insize=2805 outsize=978 kw= ok=1
Cmd: compileSnippet
  api=0 type=1 insize=2805 outsize=6 kw= ok=1
Cmd: compileSnippet
  api=0 type=0 insize=6810 outsize=2300 kw=DIRECTIONAL SHADOWS_OFF LIGHTMAP_OFF DIRLIGHTMAP_OFF DYNAMICLIGHTMAP_OFF ok=1
Cmd: compileSnippet
  api=0 type=1 insize=6810 outsize=6 kw=DIRECTIONAL SHADOWS_OFF LIGHTMAP_OFF DIRLIGHTMAP_OFF DYNAMICLIGHTMAP_OFF ok=1
Cmd: preprocess
  insize=2479 outsize=539 ok=1
Cmd: compileSnippet
  api=0 type=0 insize=2113 outsize=1134 kw= ok=1
Cmd: compileSnippet
  api=0 type=1 insize=2113 outsize=6 kw= ok=1
Cmd: compileSnippet
  api=0 type=0 insize=2115 outsize=763 kw= ok=1
Cmd: compileSnippet
  api=0 type=1 insize=2115 outsize=6 kw= ok=1
Cmd: compileSnippet
  api=0 type=0 insize=2117 outsize=1870 kw= ok=1
Cmd: compileSnippet
  api=0 type=1 insize=2117 outsize=6 kw= ok=1
Cmd: preprocess
  insize=2510 outsize=591 ok=1
Cmd: compileSnippet
  api=0 type=0 insize=2092 outsize=1134 kw= ok=1
Cmd: compileSnippet
  api=0 type=1 insize=2092 outsize=6 kw= ok=1
Cmd: compileSnippet
  api=0 type=0 insize=2094 outsize=763 kw= ok=1
Cmd: compileSnippet
  api=0 type=1 insize=2094 outsize=6 kw= ok=1
Cmd: compileSnippet
  api=0 type=0 insize=2096 outsize=1870 kw= ok=1
Cmd: compileSnippet
  api=0 type=1 insize=2096 outsize=6 kw= ok=1
